-------------------------------------------------------------------------------
Test set: com.karabel.calc.CalculatorTest
-------------------------------------------------------------------------------
Tests run: 4, Failures: 1, Errors: 0, Skipped: 0, Time elapsed: 0.04 s <<< FAILURE! - in com.karabel.calc.CalculatorTest
mulTest  Time elapsed: 0.008 s  <<< FAILURE!
org.opentest4j.AssertionFailedError: expected: <625> but was: <0>
	at com.karabel.calc.CalculatorTest.mulTest(CalculatorTest.java:32)

