<?xml version="1.0" encoding="UTF-8"?>
<testsuite xmlns:xsi="http://www.w3.org/2001/XMLSchema-instance" xsi:noNamespaceSchemaLocation="https://maven.apache.org/surefire/maven-surefire-plugin/xsd/surefire-test-report.xsd" name="com.karabel.calc.CalculatorTest" time="0.04" tests="4" errors="0" skipped="0" failures="1">
  <properties>
[...]
</properties>
  <testcase name="subTest" classname="com.karabel.calc.CalculatorTest" time="0.021"/>
  <testcase name="addTest" classname="com.karabel.calc.CalculatorTest" time="0.001"/>
  <testcase name="mulTest" classname="com.karabel.calc.CalculatorTest" time="0.008">
    <failure message="expected: &lt;625&gt; but was: &lt;0&gt;" type="org.opentest4j.AssertionFailedError"><![CDATA[org.opentest4j.AssertionFailedError: expected: <625> but was: <0>
	at com.karabel.calc.CalculatorTest.mulTest(CalculatorTest.java:32)
]]></failure>
  </testcase>
  <testcase name="divTest" classname="com.karabel.calc.CalculatorTest" time="0.002"/>
</testsuite>