-------------------------------------------------------------------------------
Test set: org.karabel.AuthenticatorTest
-------------------------------------------------------------------------------
Tests run: 2, Failures: 1, Errors: 0, Skipped: 0, Time elapsed: 0.053 s <<< FAILURE! - in org.karabel.AuthenticatorTest
failAuthTest  Time elapsed: 0.025 s  <<< FAILURE!
org.opentest4j.AssertionFailedError: expected: <false> but was: <true>
	at org.karabel.AuthenticatorTest.failAuthTest(AuthenticatorTest.java:51)

