<?xml version="1.0" encoding="UTF-8"?>
<testsuite xmlns:xsi="http://www.w3.org/2001/XMLSchema-instance" xsi:noNamespaceSchemaLocation="https://maven.apache.org/surefire/maven-surefire-plugin/xsd/surefire-test-report.xsd" name="org.karabel.AuthenticatorTest" time="0.053" tests="2" errors="0" skipped="0" failures="1">
  <properties>
[...]
</properties>
  <testcase name="failAuthTest" classname="org.karabel.AuthenticatorTest" time="0.025">
    <failure message="expected: &lt;false&gt; but was: &lt;true&gt;" type="org.opentest4j.AssertionFailedError"><![CDATA[org.opentest4j.AssertionFailedError: expected: <false> but was: <true>
	at org.karabel.AuthenticatorTest.failAuthTest(AuthenticatorTest.java:51)
]]></failure>
    <system-out><![CDATA[beforeAll()
beforeEach()
failAuthTest
afterEach()
]]></system-out>
  </testcase>
  <testcase name="successAuthTest" classname="org.karabel.AuthenticatorTest" time="0.001"/>
</testsuite>